<?xml version="1.0" encoding="UTF-8"?>
<!-- Generated by org.testng.reporters.JUnitReportReporter -->
<testsuite skipped="0" hostname="DESKTOP-DEG1UMM" name="com.training.sanity.tests.Admin_Report_Sales_FilterByReturns" tests="1" failures="0" timestamp="2020-01-30T14:08:40 IST" time="8.807" errors="0">
  <testcase name="SortOrder" time="8.807" classname="com.training.sanity.tests.Admin_Report_Sales_FilterByReturns"/>
</testsuite> <!-- com.training.sanity.tests.Admin_Report_Sales_FilterByReturns -->
