<?xml version="1.0" encoding="UTF-8"?>
<!-- Generated by org.testng.reporters.JUnitReportReporter -->
<testsuite skipped="0" hostname="DESKTOP-DEG1UMM" name="com.training.regression.tests.LoginDBTest" tests="2" failures="0" timestamp="2020-02-07T10:43:00 IST" time="47.526" errors="0">
  <testcase name="loginDBTest" time="21.966" classname="com.training.regression.tests.LoginDBTest"/>
  <testcase name="loginDBTest" time="25.560" classname="com.training.regression.tests.LoginDBTest"/>
</testsuite> <!-- com.training.regression.tests.LoginDBTest -->
