<?xml version="1.0" encoding="UTF-8"?>
<!-- Generated by org.testng.reporters.JUnitReportReporter -->
<testsuite skipped="0" hostname="DESKTOP-DEG1UMM" name="com.training.sanity.tests.RTTC_055_M_Admin_CreateAndPlaceManufacturerProduct" tests="1" failures="0" timestamp="2020-02-09T12:59:30 IST" time="16.362" errors="0">
  <testcase name="PlaceOrder" time="16.362" classname="com.training.sanity.tests.RTTC_055_M_Admin_CreateAndPlaceManufacturerProduct"/>
</testsuite> <!-- com.training.sanity.tests.RTTC_055_M_Admin_CreateAndPlaceManufacturerProduct -->
