<?xml version="1.0" encoding="UTF-8"?>
<!-- Generated by org.testng.reporters.JUnitReportReporter -->
<testsuite skipped="0" hostname="DESKTOP-DEG1UMM" name="com.training.sanity.tests.Admin_To_FilterSalesOrder_FromReportModule" tests="1" failures="0" timestamp="2020-01-29T20:51:41 IST" time="10.157" errors="0">
  <testcase name="SortOrder" time="10.157" classname="com.training.sanity.tests.Admin_To_FilterSalesOrder_FromReportModule"/>
</testsuite> <!-- com.training.sanity.tests.Admin_To_FilterSalesOrder_FromReportModule -->
