<?xml version="1.0" encoding="UTF-8"?>
<!-- Generated by org.testng.reporters.JUnitReportReporter -->
<testsuite skipped="0" hostname="DESKTOP-DEG1UMM" name="com.training.sanity.tests.Admin_Report_Sales_FilterByShipping" tests="1" failures="0" timestamp="2020-01-30T14:02:38 IST" time="10.176" errors="0">
  <testcase name="SortOrder" time="10.176" classname="com.training.sanity.tests.Admin_Report_Sales_FilterByShipping"/>
</testsuite> <!-- com.training.sanity.tests.Admin_Report_Sales_FilterByShipping -->
