<?xml version="1.0" encoding="UTF-8"?>
<!-- Generated by org.testng.reporters.JUnitReportReporter -->
<testsuite skipped="0" hostname="DESKTOP-DEG1UMM" name="com.training.sanity.tests.RTTC_052_M_Admin_RewardPoints" tests="1" failures="0" timestamp="2020-02-09T13:29:43 IST" time="11.003" errors="0">
  <testcase name="RewardPoints" time="11.003" classname="com.training.sanity.tests.RTTC_052_M_Admin_RewardPoints"/>
</testsuite> <!-- com.training.sanity.tests.RTTC_052_M_Admin_RewardPoints -->
