<?xml version="1.0" encoding="UTF-8"?>
<!-- Generated by org.testng.reporters.JUnitReportReporter -->
<testsuite skipped="0" hostname="DESKTOP-DEG1UMM" name="com.training.sanity.tests.Medium_Admin_CreateNewGroup_RegisterUser" tests="1" failures="0" timestamp="2020-02-09T13:30:33 IST" time="15.461" errors="0">
  <testcase name="SortOrder" time="15.461" classname="com.training.sanity.tests.Medium_Admin_CreateNewGroup_RegisterUser"/>
</testsuite> <!-- com.training.sanity.tests.Medium_Admin_CreateNewGroup_RegisterUser -->
