<?xml version="1.0" encoding="UTF-8"?>
<!-- Generated by org.testng.reporters.JUnitReportReporter -->
<testsuite skipped="0" hostname="DESKTOP-DEG1UMM" name="com.training.sanity.tests.LoginTests" tests="1" failures="0" timestamp="2020-01-26T22:50:33 IST" time="7.085" errors="0">
  <testcase name="validLoginTest" time="7.085" classname="com.training.sanity.tests.LoginTests"/>
</testsuite> <!-- com.training.sanity.tests.LoginTests -->
