<?xml version="1.0" encoding="UTF-8"?>
<!-- Generated by org.testng.reporters.JUnitReportReporter -->
<testsuite skipped="0" hostname="DESKTOP-DEG1UMM" name="com.training.sanity.tests.Admin_Report_Sales_FilterByTax" tests="1" failures="0" timestamp="2020-01-30T13:47:07 IST" time="9.890" errors="0">
  <testcase name="SortOrder" time="9.890" classname="com.training.sanity.tests.Admin_Report_Sales_FilterByTax"/>
</testsuite> <!-- com.training.sanity.tests.Admin_Report_Sales_FilterByTax -->
