<?xml version="1.0" encoding="UTF-8"?>
<!-- Generated by org.testng.reporters.JUnitReportReporter -->
<testsuite skipped="0" hostname="DESKTOP-DEG1UMM" name="com.training.sanity.tests.Admin_To_Delete_Customer_Detail" tests="1" failures="0" timestamp="2020-01-30T10:46:36 IST" time="8.343" errors="0">
  <testcase name="validLoginTest" time="8.343" classname="com.training.sanity.tests.Admin_To_Delete_Customer_Detail"/>
</testsuite> <!-- com.training.sanity.tests.Admin_To_Delete_Customer_Detail -->
