<?xml version="1.0" encoding="UTF-8"?>
<!-- Generated by org.testng.reporters.JUnitReportReporter -->
<testsuite skipped="0" hostname="DESKTOP-DEG1UMM" name="com.training.sanity.tests.Admin_To_FilterTaxOrder_FromReportModule" tests="1" failures="0" timestamp="2020-01-29T21:58:08 IST" time="11.012" errors="0">
  <testcase name="SortOrder" time="11.012" classname="com.training.sanity.tests.Admin_To_FilterTaxOrder_FromReportModule"/>
</testsuite> <!-- com.training.sanity.tests.Admin_To_FilterTaxOrder_FromReportModule -->
