<?xml version="1.0" encoding="UTF-8"?>
<!-- Generated by org.testng.reporters.JUnitReportReporter -->
<testsuite skipped="0" hostname="DESKTOP-DEG1UMM" name="com.training.sanity.tests.RTTC_054_M_Admin_PlaceOrderForCustomer" tests="1" failures="0" timestamp="2020-02-09T13:32:18 IST" time="11.847" errors="0">
  <testcase name="PlaceOrder" time="11.847" classname="com.training.sanity.tests.RTTC_054_M_Admin_PlaceOrderForCustomer"/>
</testsuite> <!-- com.training.sanity.tests.RTTC_054_M_Admin_PlaceOrderForCustomer -->
