<?xml version="1.0" encoding="UTF-8"?>
<!-- Generated by org.testng.reporters.JUnitReportReporter -->
<testsuite skipped="0" hostname="DESKTOP-DEG1UMM" name="com.training.sanity.tests.LoginTests" tests="1" failures="0" timestamp="2020-02-06T22:40:15 IST" time="6.027" errors="0">
  <testcase name="userLoginTest" time="6.027" classname="com.training.sanity.tests.LoginTests"/>
</testsuite> <!-- com.training.sanity.tests.LoginTests -->
