<?xml version="1.0" encoding="UTF-8"?>
<!-- Generated by org.testng.reporters.JUnitReportReporter -->
<testsuite skipped="0" hostname="DESKTOP-DEG1UMM" name="com.training.regression.tests.LoginExcelTest" tests="2" failures="0" timestamp="2020-02-07T10:58:55 IST" time="46.577" errors="0">
  <testcase name="loginDBTest" time="23.449" classname="com.training.regression.tests.LoginExcelTest"/>
  <testcase name="loginDBTest" time="23.128" classname="com.training.regression.tests.LoginExcelTest"/>
</testsuite> <!-- com.training.regression.tests.LoginExcelTest -->
