<?xml version="1.0" encoding="UTF-8"?>
<!-- Generated by org.testng.reporters.JUnitReportReporter -->
<testsuite skipped="0" hostname="DESKTOP-DEG1UMM" name="com.training.sanity.tests.RTTC_053_M_Admin_GenerateInvoice_ChnageStatus" tests="1" failures="0" timestamp="2020-02-09T13:28:47 IST" time="11.371" errors="0">
  <testcase name="IncoiceandChangeOrder" time="11.371" classname="com.training.sanity.tests.RTTC_053_M_Admin_GenerateInvoice_ChnageStatus"/>
</testsuite> <!-- com.training.sanity.tests.RTTC_053_M_Admin_GenerateInvoice_ChnageStatus -->
