<?xml version="1.0" encoding="UTF-8"?>
<!-- Generated by org.testng.reporters.JUnitReportReporter -->
<testsuite skipped="0" hostname="DESKTOP-DEG1UMM" name="com.training.sanity.tests.Med_LoginasAdmin" tests="1" failures="0" timestamp="2020-02-02T23:31:57 IST" time="4.943" errors="0">
  <testcase name="validLoginTest" time="4.943" classname="com.training.sanity.tests.Med_LoginasAdmin"/>
</testsuite> <!-- com.training.sanity.tests.Med_LoginasAdmin -->
